Sat, 26 Oct 2019 10:32:15 GMT body-parser deprecated undefined extended: provide extended option at index.js:15:17
/home/ubuntu/server/node_modules/azure-storage/lib/common/services/storageservicesettings.js:182
  throw new Error(SR.NO_CREDENTIALS_PROVIDED);
  ^

Error: Credentials must be provided when creating a service client.
    at Function.StorageServiceSettings.createFromEnvironment (/home/ubuntu/server/node_modules/azure-storage/lib/common/services/storageservicesettings.js:182:9)
    at Function.StorageServiceClient.getStorageSettings (/home/ubuntu/server/node_modules/azure-storage/lib/common/services/storageserviceclient.js:925:53)
    at new TableService (/home/ubuntu/server/node_modules/azure-storage/lib/services/table/tableservice.js:77:53)
    at Object.exports.createTableService (/home/ubuntu/server/node_modules/azure-storage/lib/azure-storage.js:62:10)
    at Object.<anonymous> (/home/ubuntu/server/index.js:23:26)
    at Module._compile (internal/modules/cjs/loader.js:778:30)
    at Object.Module._extensions..js (internal/modules/cjs/loader.js:789:10)
    at Module.load (internal/modules/cjs/loader.js:653:32)
    at tryModuleLoad (internal/modules/cjs/loader.js:593:12)
    at Function.Module._load (internal/modules/cjs/loader.js:585:3)
Sat, 26 Oct 2019 11:38:52 GMT body-parser deprecated undefined extended: provide extended option at index.js:15:17
/home/ubuntu/server/node_modules/azure-storage/lib/common/services/storageservicesettings.js:182
  throw new Error(SR.NO_CREDENTIALS_PROVIDED);
  ^

Error: Credentials must be provided when creating a service client.
    at Function.StorageServiceSettings.createFromEnvironment (/home/ubuntu/server/node_modules/azure-storage/lib/common/services/storageservicesettings.js:182:9)
    at Function.StorageServiceClient.getStorageSettings (/home/ubuntu/server/node_modules/azure-storage/lib/common/services/storageserviceclient.js:925:53)
    at new TableService (/home/ubuntu/server/node_modules/azure-storage/lib/services/table/tableservice.js:77:53)
    at Object.exports.createTableService (/home/ubuntu/server/node_modules/azure-storage/lib/azure-storage.js:62:10)
    at Object.<anonymous> (/home/ubuntu/server/index.js:23:26)
    at Module._compile (internal/modules/cjs/loader.js:778:30)
    at Object.Module._extensions..js (internal/modules/cjs/loader.js:789:10)
    at Module.load (internal/modules/cjs/loader.js:653:32)
    at tryModuleLoad (internal/modules/cjs/loader.js:593:12)
    at Function.Module._load (internal/modules/cjs/loader.js:585:3)
Sat, 26 Oct 2019 12:08:56 GMT body-parser deprecated undefined extended: provide extended option at index.js:15:17
events.js:174
      throw er; // Unhandled 'error' event
      ^

Error: listen EADDRINUSE: address already in use :::8001
    at Server.setupListenHandle [as _listen2] (net.js:1280:14)
    at listenInCluster (net.js:1328:12)
    at Server.listen (net.js:1415:7)
    at Object.<anonymous> (/home/ubuntu/server/index.js:191:8)
    at Module._compile (internal/modules/cjs/loader.js:778:30)
    at Object.Module._extensions..js (internal/modules/cjs/loader.js:789:10)
    at Module.load (internal/modules/cjs/loader.js:653:32)
    at tryModuleLoad (internal/modules/cjs/loader.js:593:12)
    at Function.Module._load (internal/modules/cjs/loader.js:585:3)
    at Function.Module.runMain (internal/modules/cjs/loader.js:831:12)
Emitted 'error' event at:
    at emitErrorNT (net.js:1307:8)
    at process._tickCallback (internal/process/next_tick.js:63:19)
    at Function.Module.runMain (internal/modules/cjs/loader.js:834:11)
    at startup (internal/bootstrap/node.js:283:19)
    at bootstrapNodeJSCore (internal/bootstrap/node.js:623:3)
Sat, 26 Oct 2019 12:14:26 GMT body-parser deprecated undefined extended: provide extended option at index.js:15:17
listening on port 8001!
table created
client connected
Received keyword: #javascript
javascript data found in redis cache
client disconnected
